<?xml version="1.0" encoding="UTF-8"?>
<testsuite name="com.jojoldu.book.springboot.web.indexControllerTest" tests="1" skipped="0" failures="0" errors="0" timestamp="2020-08-08T05:16:32" hostname="DESKTOP-42PBEOP" time="0.16">
  <properties/>
  <testcase name="mainPage_Loading" classname="com.jojoldu.book.springboot.web.indexControllerTest" time="0.16"/>
  <system-out><![CDATA[2020-08-08 14:16:31.200  INFO 2036 --- [    Test worker] .b.t.c.SpringBootTestContextBootstrapper : Neither @ContextConfiguration nor @ContextHierarchy found for test class [com.jojoldu.book.springboot.web.indexControllerTest], using SpringBootContextLoader
2020-08-08 14:16:31.200  INFO 2036 --- [    Test worker] o.s.t.c.support.AbstractContextLoader    : Could not detect default resource locations for test class [com.jojoldu.book.springboot.web.indexControllerTest]: no resource found for suffixes {-context.xml, Context.groovy}.
2020-08-08 14:16:31.200  INFO 2036 --- [    Test worker] t.c.s.AnnotationConfigContextLoaderUtils : Could not detect default configuration classes for test class [com.jojoldu.book.springboot.web.indexControllerTest]: indexControllerTest does not declare any static, non-private, non-final, nested classes annotated with @Configuration.
2020-08-08 14:16:31.202  INFO 2036 --- [    Test worker] .b.t.c.SpringBootTestContextBootstrapper : Found @SpringBootConfiguration com.jojoldu.book.springboot.Application for test class com.jojoldu.book.springboot.web.indexControllerTest
2020-08-08 14:16:31.203  INFO 2036 --- [    Test worker] .b.t.c.SpringBootTestContextBootstrapper : Loaded default TestExecutionListener class names from location [META-INF/spring.factories]: [org.springframework.security.test.context.support.WithSecurityContextTestExecutionListener, org.springframework.security.test.context.support.ReactorContextTestExecutionListener, org.springframework.boot.test.autoconfigure.restdocs.RestDocsTestExecutionListener, org.springframework.boot.test.autoconfigure.web.client.MockRestServiceServerResetTestExecutionListener, org.springframework.boot.test.autoconfigure.web.servlet.MockMvcPrintOnlyOnFailureTestExecutionListener, org.springframework.boot.test.autoconfigure.web.servlet.WebDriverTestExecutionListener, org.springframework.boot.test.mock.mockito.MockitoTestExecutionListener, org.springframework.boot.test.mock.mockito.ResetMocksTestExecutionListener, org.springframework.test.context.web.ServletTestExecutionListener, org.springframework.test.context.support.DirtiesContextBeforeModesTestExecutionListener, org.springframework.test.context.support.DependencyInjectionTestExecutionListener, org.springframework.test.context.support.DirtiesContextTestExecutionListener, org.springframework.test.context.transaction.TransactionalTestExecutionListener, org.springframework.test.context.jdbc.SqlScriptsTestExecutionListener]
2020-08-08 14:16:31.203  INFO 2036 --- [    Test worker] .b.t.c.SpringBootTestContextBootstrapper : Using TestExecutionListeners: [org.springframework.test.context.web.ServletTestExecutionListener@4419db9f, org.springframework.test.context.support.DirtiesContextBeforeModesTestExecutionListener@1d7a25cb, org.springframework.boot.test.mock.mockito.MockitoTestExecutionListener@ed50003, org.springframework.boot.test.autoconfigure.SpringBootDependencyInjectionTestExecutionListener@764d152d, org.springframework.test.context.support.DirtiesContextTestExecutionListener@7c82ed58, org.springframework.test.context.transaction.TransactionalTestExecutionListener@309adb7e, org.springframework.test.context.jdbc.SqlScriptsTestExecutionListener@16690076, org.springframework.security.test.context.support.WithSecurityContextTestExecutionListener@8138beb, org.springframework.security.test.context.support.ReactorContextTestExecutionListener@63104f9c, org.springframework.boot.test.autoconfigure.restdocs.RestDocsTestExecutionListener@53739ab, org.springframework.boot.test.autoconfigure.web.client.MockRestServiceServerResetTestExecutionListener@5b83f3cb, org.springframework.boot.test.autoconfigure.web.servlet.MockMvcPrintOnlyOnFailureTestExecutionListener@4f5b6783, org.springframework.boot.test.autoconfigure.web.servlet.WebDriverTestExecutionListener@2e56bd5b, org.springframework.boot.test.mock.mockito.ResetMocksTestExecutionListener@1290335b]

  .   ____          _            __ _ _
 /\\ / ___'_ __ _ _(_)_ __  __ _ \ \ \ \
( ( )\___ | '_ | '_| | '_ \/ _` | \ \ \ \
 \\/  ___)| |_)| | | | | || (_| |  ) ) ) )
  '  |____| .__|_| |_|_| |_\__, | / / / /
 =========|_|==============|___/=/_/_/_/
 :: Spring Boot ::        (v2.1.9.RELEASE)

2020-08-08 14:16:31.243  INFO 2036 --- [    Test worker] c.j.b.s.web.indexControllerTest          : Starting indexControllerTest on DESKTOP-42PBEOP with PID 2036 (started by kooba in C:\Users\kooba\OneDrive\바탕 화면\project1)
2020-08-08 14:16:31.243  INFO 2036 --- [    Test worker] c.j.b.s.web.indexControllerTest          : The following profiles are active: oauth
2020-08-08 14:16:31.426  INFO 2036 --- [    Test worker] .s.d.r.c.RepositoryConfigurationDelegate : Bootstrapping Spring Data repositories in DEFAULT mode.
2020-08-08 14:16:31.449  INFO 2036 --- [    Test worker] .s.d.r.c.RepositoryConfigurationDelegate : Finished Spring Data repository scanning in 23ms. Found 2 repository interfaces.
2020-08-08 14:16:31.529  INFO 2036 --- [    Test worker] trationDelegate$BeanPostProcessorChecker : Bean 'org.springframework.transaction.annotation.ProxyTransactionManagementConfiguration' of type [org.springframework.transaction.annotation.ProxyTransactionManagementConfiguration$$EnhancerBySpringCGLIB$$1301c843] is not eligible for getting processed by all BeanPostProcessors (for example: not eligible for auto-proxying)
2020-08-08 14:16:31.752  INFO 2036 --- [    Test worker] o.s.b.w.embedded.tomcat.TomcatWebServer  : Tomcat initialized with port(s): 0 (http)
2020-08-08 14:16:31.779  INFO 2036 --- [    Test worker] o.apache.catalina.core.StandardService   : Starting service [Tomcat]
2020-08-08 14:16:31.779  INFO 2036 --- [    Test worker] org.apache.catalina.core.StandardEngine  : Starting Servlet engine: [Apache Tomcat/9.0.26]
2020-08-08 14:16:31.924  INFO 2036 --- [    Test worker] o.a.c.c.C.[Tomcat].[localhost].[/]       : Initializing Spring embedded WebApplicationContext
2020-08-08 14:16:31.924  INFO 2036 --- [    Test worker] o.s.web.context.ContextLoader            : Root WebApplicationContext: initialization completed in 679 ms
2020-08-08 14:16:32.080  INFO 2036 --- [    Test worker] com.zaxxer.hikari.HikariDataSource       : HikariPool-2 - Starting...
2020-08-08 14:16:32.081  INFO 2036 --- [    Test worker] com.zaxxer.hikari.HikariDataSource       : HikariPool-2 - Start completed.
2020-08-08 14:16:32.116  INFO 2036 --- [    Test worker] o.hibernate.jpa.internal.util.LogHelper  : HHH000204: Processing PersistenceUnitInfo [
	name: default
	...]
2020-08-08 14:16:32.125  INFO 2036 --- [    Test worker] org.hibernate.dialect.Dialect            : HHH000400: Using dialect: org.hibernate.dialect.MySQL5InnoDBDialect
Hibernate: drop table if exists posts
Hibernate: drop table if exists user
Hibernate: create table posts (id bigint not null auto_increment, created_date datetime, modified_date datetime, author varchar(255), content TEXT not null, title varchar(500) not null, primary key (id)) engine=InnoDB
Hibernate: create table user (id bigint not null auto_increment, created_date datetime, modified_date datetime, email varchar(255) not null, name varchar(255) not null, picture varchar(255), role varchar(255) not null, primary key (id)) engine=InnoDB
2020-08-08 14:16:32.168  INFO 2036 --- [    Test worker] o.h.t.schema.internal.SchemaCreatorImpl  : HHH000476: Executing import script 'org.hibernate.tool.schema.internal.exec.ScriptSourceInputNonExistentImpl@44498af1'
2020-08-08 14:16:32.169  INFO 2036 --- [    Test worker] j.LocalContainerEntityManagerFactoryBean : Initialized JPA EntityManagerFactory for persistence unit 'default'
2020-08-08 14:16:32.418  INFO 2036 --- [    Test worker] o.h.h.i.QueryTranslatorFactoryInitiator  : HHH000397: Using ASTQueryTranslatorFactory
2020-08-08 14:16:32.562  INFO 2036 --- [    Test worker] o.s.s.web.DefaultSecurityFilterChain     : Creating filter chain: any request, [org.springframework.security.web.context.request.async.WebAsyncManagerIntegrationFilter@6b0abb0b, org.springframework.security.web.context.SecurityContextPersistenceFilter@1b126779, org.springframework.security.web.header.HeaderWriterFilter@6e5f96e, org.springframework.security.web.authentication.logout.LogoutFilter@6caaa32, org.springframework.security.oauth2.client.web.OAuth2AuthorizationRequestRedirectFilter@2416c629, org.springframework.security.oauth2.client.web.OAuth2LoginAuthenticationFilter@5add9003, org.springframework.security.web.authentication.ui.DefaultLoginPageGeneratingFilter@e6b3d29, org.springframework.security.web.authentication.ui.DefaultLogoutPageGeneratingFilter@2a7799be, org.springframework.security.web.savedrequest.RequestCacheAwareFilter@1bae13a0, org.springframework.security.web.servletapi.SecurityContextHolderAwareRequestFilter@3229a732, org.springframework.security.web.authentication.AnonymousAuthenticationFilter@38422557, org.springframework.security.web.session.SessionManagementFilter@40ef823c, org.springframework.security.web.access.ExceptionTranslationFilter@1e63cbf0, org.springframework.security.web.access.intercept.FilterSecurityInterceptor@54e2bbd7]
2020-08-08 14:16:32.717  INFO 2036 --- [    Test worker] o.s.s.concurrent.ThreadPoolTaskExecutor  : Initializing ExecutorService 'applicationTaskExecutor'
2020-08-08 14:16:32.727  WARN 2036 --- [    Test worker] aWebConfiguration$JpaWebMvcConfiguration : spring.jpa.open-in-view is enabled by default. Therefore, database queries may be performed during view rendering. Explicitly configure spring.jpa.open-in-view to disable this warning
2020-08-08 14:16:32.749  INFO 2036 --- [    Test worker] o.s.b.a.w.s.WelcomePageHandlerMapping    : Adding welcome page template: index
2020-08-08 14:16:32.958  INFO 2036 --- [    Test worker] s.a.ScheduledAnnotationBeanPostProcessor : No TaskScheduler/ScheduledExecutorService bean found for scheduled processing
2020-08-08 14:16:32.975  INFO 2036 --- [    Test worker] o.s.b.w.embedded.tomcat.TomcatWebServer  : Tomcat started on port(s): 51121 (http) with context path ''
2020-08-08 14:16:32.975  INFO 2036 --- [    Test worker] c.j.b.s.web.indexControllerTest          : Started indexControllerTest in 1.771 seconds (JVM running for 9.319)
2020-08-08 14:16:33.059  INFO 2036 --- [o-auto-1-exec-1] o.a.c.c.C.[Tomcat].[localhost].[/]       : Initializing Spring DispatcherServlet 'dispatcherServlet'
2020-08-08 14:16:33.059  INFO 2036 --- [o-auto-1-exec-1] o.s.web.servlet.DispatcherServlet        : Initializing Servlet 'dispatcherServlet'
2020-08-08 14:16:33.075  INFO 2036 --- [o-auto-1-exec-1] o.s.web.servlet.DispatcherServlet        : Completed initialization in 16 ms
Hibernate: select posts0_.id as id1_0_, posts0_.created_date as created_2_0_, posts0_.modified_date as modified3_0_, posts0_.author as author4_0_, posts0_.content as content5_0_, posts0_.title as title6_0_ from posts posts0_ order by posts0_.id DESC
]]></system-out>
  <system-err><![CDATA[]]></system-err>
</testsuite>
