<?xml version="1.0" encoding="UTF-8"?>
<testsuite name="com.jojoldu.book.springboot.web.HelloControllerTest" tests="2" skipped="0" failures="0" errors="0" timestamp="2020-08-08T05:16:31" hostname="DESKTOP-42PBEOP" time="0.14">
  <properties/>
  <testcase name="helloReturn" classname="com.jojoldu.book.springboot.web.HelloControllerTest" time="0.066"/>
  <testcase name="helloDtoReturn" classname="com.jojoldu.book.springboot.web.HelloControllerTest" time="0.074"/>
  <system-out><![CDATA[2020-08-08 14:16:30.256  INFO 2036 --- [    Test worker] .b.t.a.w.s.WebMvcTestContextBootstrapper : Neither @ContextConfiguration nor @ContextHierarchy found for test class [com.jojoldu.book.springboot.web.HelloControllerTest], using SpringBootContextLoader
2020-08-08 14:16:30.258  INFO 2036 --- [    Test worker] o.s.t.c.support.AbstractContextLoader    : Could not detect default resource locations for test class [com.jojoldu.book.springboot.web.HelloControllerTest]: no resource found for suffixes {-context.xml, Context.groovy}.
2020-08-08 14:16:30.259  INFO 2036 --- [    Test worker] t.c.s.AnnotationConfigContextLoaderUtils : Could not detect default configuration classes for test class [com.jojoldu.book.springboot.web.HelloControllerTest]: HelloControllerTest does not declare any static, non-private, non-final, nested classes annotated with @Configuration.
2020-08-08 14:16:30.287  INFO 2036 --- [    Test worker] .b.t.c.SpringBootTestContextBootstrapper : Found @SpringBootConfiguration com.jojoldu.book.springboot.Application for test class com.jojoldu.book.springboot.web.HelloControllerTest
2020-08-08 14:16:30.287  INFO 2036 --- [    Test worker] .b.t.a.w.s.WebMvcTestContextBootstrapper : Loaded default TestExecutionListener class names from location [META-INF/spring.factories]: [org.springframework.security.test.context.support.WithSecurityContextTestExecutionListener, org.springframework.security.test.context.support.ReactorContextTestExecutionListener, org.springframework.boot.test.autoconfigure.restdocs.RestDocsTestExecutionListener, org.springframework.boot.test.autoconfigure.web.client.MockRestServiceServerResetTestExecutionListener, org.springframework.boot.test.autoconfigure.web.servlet.MockMvcPrintOnlyOnFailureTestExecutionListener, org.springframework.boot.test.autoconfigure.web.servlet.WebDriverTestExecutionListener, org.springframework.boot.test.mock.mockito.MockitoTestExecutionListener, org.springframework.boot.test.mock.mockito.ResetMocksTestExecutionListener, org.springframework.test.context.web.ServletTestExecutionListener, org.springframework.test.context.support.DirtiesContextBeforeModesTestExecutionListener, org.springframework.test.context.support.DependencyInjectionTestExecutionListener, org.springframework.test.context.support.DirtiesContextTestExecutionListener, org.springframework.test.context.transaction.TransactionalTestExecutionListener, org.springframework.test.context.jdbc.SqlScriptsTestExecutionListener]
2020-08-08 14:16:30.289  INFO 2036 --- [    Test worker] .b.t.a.w.s.WebMvcTestContextBootstrapper : Using TestExecutionListeners: [org.springframework.test.context.web.ServletTestExecutionListener@1ab5114, org.springframework.test.context.support.DirtiesContextBeforeModesTestExecutionListener@2f2da03e, org.springframework.boot.test.mock.mockito.MockitoTestExecutionListener@4d97ad8f, org.springframework.boot.test.autoconfigure.SpringBootDependencyInjectionTestExecutionListener@5d75a6f6, org.springframework.test.context.support.DirtiesContextTestExecutionListener@60d7fbd, org.springframework.test.context.transaction.TransactionalTestExecutionListener@44e30312, org.springframework.test.context.jdbc.SqlScriptsTestExecutionListener@346835d4, org.springframework.security.test.context.support.WithSecurityContextTestExecutionListener@44da77b9, org.springframework.security.test.context.support.ReactorContextTestExecutionListener@29471808, org.springframework.boot.test.autoconfigure.restdocs.RestDocsTestExecutionListener@756075a1, org.springframework.boot.test.autoconfigure.web.client.MockRestServiceServerResetTestExecutionListener@53384c, org.springframework.boot.test.autoconfigure.web.servlet.MockMvcPrintOnlyOnFailureTestExecutionListener@17a3e040, org.springframework.boot.test.autoconfigure.web.servlet.WebDriverTestExecutionListener@6352de4, org.springframework.boot.test.mock.mockito.ResetMocksTestExecutionListener@700e8dfe]

  .   ____          _            __ _ _
 /\\ / ___'_ __ _ _(_)_ __  __ _ \ \ \ \
( ( )\___ | '_ | '_| | '_ \/ _` | \ \ \ \
 \\/  ___)| |_)| | | | | || (_| |  ) ) ) )
  '  |____| .__|_| |_|_| |_\__, | / / / /
 =========|_|==============|___/=/_/_/_/
 :: Spring Boot ::        (v2.1.9.RELEASE)

2020-08-08 14:16:30.330  INFO 2036 --- [    Test worker] c.j.b.s.web.HelloControllerTest          : Starting HelloControllerTest on DESKTOP-42PBEOP with PID 2036 (started by kooba in C:\Users\kooba\OneDrive\바탕 화면\project1)
2020-08-08 14:16:30.330  INFO 2036 --- [    Test worker] c.j.b.s.web.HelloControllerTest          : The following profiles are active: oauth
2020-08-08 14:16:30.682  INFO 2036 --- [    Test worker] o.s.s.concurrent.ThreadPoolTaskExecutor  : Initializing ExecutorService 'applicationTaskExecutor'
2020-08-08 14:16:30.707  INFO 2036 --- [    Test worker] o.s.b.a.w.s.WelcomePageHandlerMapping    : Adding welcome page template: index
2020-08-08 14:16:30.871  INFO 2036 --- [    Test worker] .s.s.UserDetailsServiceAutoConfiguration : 

Using generated security password: 40235726-a9d2-4da8-87b2-085cb728a32d

2020-08-08 14:16:30.987  INFO 2036 --- [    Test worker] o.s.s.web.DefaultSecurityFilterChain     : Creating filter chain: any request, [org.springframework.security.web.context.request.async.WebAsyncManagerIntegrationFilter@53d72994, org.springframework.security.web.context.SecurityContextPersistenceFilter@68129733, org.springframework.security.web.header.HeaderWriterFilter@14c4e395, org.springframework.security.web.csrf.CsrfFilter@6f8df051, org.springframework.security.web.authentication.logout.LogoutFilter@4de2a94b, org.springframework.security.web.authentication.UsernamePasswordAuthenticationFilter@5b8c70b8, org.springframework.security.web.authentication.ui.DefaultLoginPageGeneratingFilter@5e8af677, org.springframework.security.web.authentication.ui.DefaultLogoutPageGeneratingFilter@4c02a35d, org.springframework.security.web.authentication.www.BasicAuthenticationFilter@6be8211a, org.springframework.security.web.savedrequest.RequestCacheAwareFilter@25532f46, org.springframework.security.web.servletapi.SecurityContextHolderAwareRequestFilter@16b8a832, org.springframework.security.web.authentication.AnonymousAuthenticationFilter@66c8bb36, org.springframework.security.web.session.SessionManagementFilter@144b9624, org.springframework.security.web.access.ExceptionTranslationFilter@5fc259de, org.springframework.security.web.access.intercept.FilterSecurityInterceptor@932aaf7]
2020-08-08 14:16:31.018  INFO 2036 --- [    Test worker] o.s.b.t.m.w.SpringBootMockServletContext : Initializing Spring TestDispatcherServlet ''
2020-08-08 14:16:31.018  INFO 2036 --- [    Test worker] o.s.t.web.servlet.TestDispatcherServlet  : Initializing Servlet ''
2020-08-08 14:16:31.030  INFO 2036 --- [    Test worker] o.s.t.web.servlet.TestDispatcherServlet  : Completed initialization in 12 ms
2020-08-08 14:16:31.054  INFO 2036 --- [    Test worker] c.j.b.s.web.HelloControllerTest          : Started HelloControllerTest in 0.763 seconds (JVM running for 7.399)
]]></system-out>
  <system-err><![CDATA[]]></system-err>
</testsuite>
