<?xml version="1.0" encoding="UTF-8"?>
<testsuite name="com.jojoldu.book.springboot.web.indexControllerTest" tests="1" skipped="0" failures="0" errors="0" timestamp="2020-08-06T01:32:01" hostname="DESKTOP-42PBEOP" time="0.145">
  <properties/>
  <testcase name="mainPage_Loading" classname="com.jojoldu.book.springboot.web.indexControllerTest" time="0.145"/>
  <system-out><![CDATA[2020-08-06 10:32:00.046  INFO 24372 --- [    Test worker] .b.t.c.SpringBootTestContextBootstrapper : Neither @ContextConfiguration nor @ContextHierarchy found for test class [com.jojoldu.book.springboot.web.indexControllerTest], using SpringBootContextLoader
2020-08-06 10:32:00.047  INFO 24372 --- [    Test worker] o.s.t.c.support.AbstractContextLoader    : Could not detect default resource locations for test class [com.jojoldu.book.springboot.web.indexControllerTest]: no resource found for suffixes {-context.xml, Context.groovy}.
2020-08-06 10:32:00.047  INFO 24372 --- [    Test worker] t.c.s.AnnotationConfigContextLoaderUtils : Could not detect default configuration classes for test class [com.jojoldu.book.springboot.web.indexControllerTest]: indexControllerTest does not declare any static, non-private, non-final, nested classes annotated with @Configuration.
2020-08-06 10:32:00.048  INFO 24372 --- [    Test worker] .b.t.c.SpringBootTestContextBootstrapper : Found @SpringBootConfiguration com.jojoldu.book.springboot.Application for test class com.jojoldu.book.springboot.web.indexControllerTest
2020-08-06 10:32:00.049  INFO 24372 --- [    Test worker] .b.t.c.SpringBootTestContextBootstrapper : Loaded default TestExecutionListener class names from location [META-INF/spring.factories]: [org.springframework.security.test.context.support.WithSecurityContextTestExecutionListener, org.springframework.security.test.context.support.ReactorContextTestExecutionListener, org.springframework.boot.test.autoconfigure.restdocs.RestDocsTestExecutionListener, org.springframework.boot.test.autoconfigure.web.client.MockRestServiceServerResetTestExecutionListener, org.springframework.boot.test.autoconfigure.web.servlet.MockMvcPrintOnlyOnFailureTestExecutionListener, org.springframework.boot.test.autoconfigure.web.servlet.WebDriverTestExecutionListener, org.springframework.boot.test.mock.mockito.MockitoTestExecutionListener, org.springframework.boot.test.mock.mockito.ResetMocksTestExecutionListener, org.springframework.test.context.web.ServletTestExecutionListener, org.springframework.test.context.support.DirtiesContextBeforeModesTestExecutionListener, org.springframework.test.context.support.DependencyInjectionTestExecutionListener, org.springframework.test.context.support.DirtiesContextTestExecutionListener, org.springframework.test.context.transaction.TransactionalTestExecutionListener, org.springframework.test.context.jdbc.SqlScriptsTestExecutionListener]
2020-08-06 10:32:00.050  INFO 24372 --- [    Test worker] .b.t.c.SpringBootTestContextBootstrapper : Using TestExecutionListeners: [org.springframework.test.context.web.ServletTestExecutionListener@357f12f, org.springframework.test.context.support.DirtiesContextBeforeModesTestExecutionListener@563d773d, org.springframework.boot.test.mock.mockito.MockitoTestExecutionListener@2e802da9, org.springframework.boot.test.autoconfigure.SpringBootDependencyInjectionTestExecutionListener@3e12c340, org.springframework.test.context.support.DirtiesContextTestExecutionListener@2f09324, org.springframework.test.context.transaction.TransactionalTestExecutionListener@3f4988d8, org.springframework.test.context.jdbc.SqlScriptsTestExecutionListener@100b07fd, org.springframework.security.test.context.support.WithSecurityContextTestExecutionListener@38abde7f, org.springframework.security.test.context.support.ReactorContextTestExecutionListener@3e4403fd, org.springframework.boot.test.autoconfigure.restdocs.RestDocsTestExecutionListener@4d3853a5, org.springframework.boot.test.autoconfigure.web.client.MockRestServiceServerResetTestExecutionListener@5c49110, org.springframework.boot.test.autoconfigure.web.servlet.MockMvcPrintOnlyOnFailureTestExecutionListener@63faeff1, org.springframework.boot.test.autoconfigure.web.servlet.WebDriverTestExecutionListener@7d3f5398, org.springframework.boot.test.mock.mockito.ResetMocksTestExecutionListener@729592e1]

  .   ____          _            __ _ _
 /\\ / ___'_ __ _ _(_)_ __  __ _ \ \ \ \
( ( )\___ | '_ | '_| | '_ \/ _` | \ \ \ \
 \\/  ___)| |_)| | | | | || (_| |  ) ) ) )
  '  |____| .__|_| |_|_| |_\__, | / / / /
 =========|_|==============|___/=/_/_/_/
 :: Spring Boot ::        (v2.1.9.RELEASE)

2020-08-06 10:32:00.094  INFO 24372 --- [    Test worker] c.j.b.s.web.indexControllerTest          : Starting indexControllerTest on DESKTOP-42PBEOP with PID 24372 (started by kooba in C:\Users\kooba\OneDrive\바탕 화면\project1)
2020-08-06 10:32:00.094  INFO 24372 --- [    Test worker] c.j.b.s.web.indexControllerTest          : The following profiles are active: oauth
2020-08-06 10:32:00.288  INFO 24372 --- [    Test worker] .s.d.r.c.RepositoryConfigurationDelegate : Bootstrapping Spring Data repositories in DEFAULT mode.
2020-08-06 10:32:00.315  INFO 24372 --- [    Test worker] .s.d.r.c.RepositoryConfigurationDelegate : Finished Spring Data repository scanning in 26ms. Found 2 repository interfaces.
2020-08-06 10:32:00.404  INFO 24372 --- [    Test worker] trationDelegate$BeanPostProcessorChecker : Bean 'org.springframework.transaction.annotation.ProxyTransactionManagementConfiguration' of type [org.springframework.transaction.annotation.ProxyTransactionManagementConfiguration$$EnhancerBySpringCGLIB$$768c2a67] is not eligible for getting processed by all BeanPostProcessors (for example: not eligible for auto-proxying)
2020-08-06 10:32:00.621  INFO 24372 --- [    Test worker] o.s.b.w.embedded.tomcat.TomcatWebServer  : Tomcat initialized with port(s): 0 (http)
2020-08-06 10:32:00.647  INFO 24372 --- [    Test worker] o.apache.catalina.core.StandardService   : Starting service [Tomcat]
2020-08-06 10:32:00.647  INFO 24372 --- [    Test worker] org.apache.catalina.core.StandardEngine  : Starting Servlet engine: [Apache Tomcat/9.0.26]
2020-08-06 10:32:00.784  INFO 24372 --- [    Test worker] o.a.c.c.C.[Tomcat].[localhost].[/]       : Initializing Spring embedded WebApplicationContext
2020-08-06 10:32:00.784  INFO 24372 --- [    Test worker] o.s.web.context.ContextLoader            : Root WebApplicationContext: initialization completed in 688 ms
2020-08-06 10:32:00.934  INFO 24372 --- [    Test worker] com.zaxxer.hikari.HikariDataSource       : HikariPool-2 - Starting...
2020-08-06 10:32:00.935  INFO 24372 --- [    Test worker] com.zaxxer.hikari.HikariDataSource       : HikariPool-2 - Start completed.
2020-08-06 10:32:00.968  INFO 24372 --- [    Test worker] o.hibernate.jpa.internal.util.LogHelper  : HHH000204: Processing PersistenceUnitInfo [
	name: default
	...]
2020-08-06 10:32:00.978  INFO 24372 --- [    Test worker] org.hibernate.dialect.Dialect            : HHH000400: Using dialect: org.hibernate.dialect.MySQL5InnoDBDialect
Hibernate: drop table if exists posts
Hibernate: drop table if exists user
Hibernate: create table posts (id bigint not null auto_increment, created_date datetime, modified_date datetime, author varchar(255), content TEXT not null, title varchar(500) not null, primary key (id)) engine=InnoDB
Hibernate: create table user (id bigint not null auto_increment, created_date datetime, modified_date datetime, email varchar(255) not null, name varchar(255) not null, picture varchar(255), role varchar(255) not null, primary key (id)) engine=InnoDB
2020-08-06 10:32:01.023  INFO 24372 --- [    Test worker] o.h.t.schema.internal.SchemaCreatorImpl  : HHH000476: Executing import script 'org.hibernate.tool.schema.internal.exec.ScriptSourceInputNonExistentImpl@4dfea728'
2020-08-06 10:32:01.023  INFO 24372 --- [    Test worker] j.LocalContainerEntityManagerFactoryBean : Initialized JPA EntityManagerFactory for persistence unit 'default'
2020-08-06 10:32:01.315  INFO 24372 --- [    Test worker] o.h.h.i.QueryTranslatorFactoryInitiator  : HHH000397: Using ASTQueryTranslatorFactory
2020-08-06 10:32:01.449  INFO 24372 --- [    Test worker] o.s.s.web.DefaultSecurityFilterChain     : Creating filter chain: any request, [org.springframework.security.web.context.request.async.WebAsyncManagerIntegrationFilter@4ef5f6b3, org.springframework.security.web.context.SecurityContextPersistenceFilter@60ece724, org.springframework.security.web.header.HeaderWriterFilter@ab4a768, org.springframework.security.web.authentication.logout.LogoutFilter@53703962, org.springframework.security.oauth2.client.web.OAuth2AuthorizationRequestRedirectFilter@2bb4dac6, org.springframework.security.oauth2.client.web.OAuth2LoginAuthenticationFilter@19f2de0b, org.springframework.security.web.authentication.ui.DefaultLoginPageGeneratingFilter@54222105, org.springframework.security.web.authentication.ui.DefaultLogoutPageGeneratingFilter@6b42a48a, org.springframework.security.web.savedrequest.RequestCacheAwareFilter@39a37c61, org.springframework.security.web.servletapi.SecurityContextHolderAwareRequestFilter@160303da, org.springframework.security.web.authentication.AnonymousAuthenticationFilter@662d31ce, org.springframework.security.web.session.SessionManagementFilter@2f7db3cc, org.springframework.security.web.access.ExceptionTranslationFilter@1fd8d9c9, org.springframework.security.web.access.intercept.FilterSecurityInterceptor@5cdf39ae]
2020-08-06 10:32:01.611  INFO 24372 --- [    Test worker] o.s.s.concurrent.ThreadPoolTaskExecutor  : Initializing ExecutorService 'applicationTaskExecutor'
2020-08-06 10:32:01.621  WARN 24372 --- [    Test worker] aWebConfiguration$JpaWebMvcConfiguration : spring.jpa.open-in-view is enabled by default. Therefore, database queries may be performed during view rendering. Explicitly configure spring.jpa.open-in-view to disable this warning
2020-08-06 10:32:01.643  INFO 24372 --- [    Test worker] o.s.b.a.w.s.WelcomePageHandlerMapping    : Adding welcome page template: index
2020-08-06 10:32:01.853  INFO 24372 --- [    Test worker] s.a.ScheduledAnnotationBeanPostProcessor : No TaskScheduler/ScheduledExecutorService bean found for scheduled processing
2020-08-06 10:32:01.869  INFO 24372 --- [    Test worker] o.s.b.w.embedded.tomcat.TomcatWebServer  : Tomcat started on port(s): 53910 (http) with context path ''
2020-08-06 10:32:01.869  INFO 24372 --- [    Test worker] c.j.b.s.web.indexControllerTest          : Started indexControllerTest in 1.818 seconds (JVM running for 9.188)
2020-08-06 10:32:01.943  INFO 24372 --- [o-auto-1-exec-1] o.a.c.c.C.[Tomcat].[localhost].[/]       : Initializing Spring DispatcherServlet 'dispatcherServlet'
2020-08-06 10:32:01.943  INFO 24372 --- [o-auto-1-exec-1] o.s.web.servlet.DispatcherServlet        : Initializing Servlet 'dispatcherServlet'
2020-08-06 10:32:01.956  INFO 24372 --- [o-auto-1-exec-1] o.s.web.servlet.DispatcherServlet        : Completed initialization in 13 ms
Hibernate: select posts0_.id as id1_0_, posts0_.created_date as created_2_0_, posts0_.modified_date as modified3_0_, posts0_.author as author4_0_, posts0_.content as content5_0_, posts0_.title as title6_0_ from posts posts0_ order by posts0_.id DESC
]]></system-out>
  <system-err><![CDATA[]]></system-err>
</testsuite>
